TN:
SF:/home/kurt/Documents/first_ceedling_project/kurts_first/src/CANData.c
FN:4,parseCANData
FNDA:3,parseCANData
FNF:1
FNH:1
DA:4,3
DA:6,3
DA:7,3
DA:8,3
DA:9,3
LF:5
LH:5
end_of_record
TN:
SF:/home/kurt/Documents/first_ceedling_project/kurts_first/src/lights.c
FN:3,lights_SetHeadlightSwitchOff
FN:7,lights_AreHeadlightsOn
FNDA:3,lights_SetHeadlightSwitchOff
FNDA:3,lights_AreHeadlightsOn
FNF:2
FNH:2
DA:3,3
DA:5,3
DA:7,3
DA:8,3
LF:4
LH:4
end_of_record
TN:
SF:/home/kurt/Documents/first_ceedling_project/kurts_first/src/spi.c
FN:4,spi_readData
FN:12,checkBaudRate
FNDA:6,checkBaudRate
FNDA:0,spi_readData
FNF:2
FNH:1
DA:4,0
DA:5,0
DA:6,0
DA:7,0
DA:8,0
DA:12,6
DA:13,6
DA:14,3
DA:15,3
DA:18,3
LF:10
LH:5
end_of_record
TN:
SF:/home/kurt/Documents/first_ceedling_project/kurts_first/src/tempsensor.c
FN:7,tempSensor_getTemperature
FNDA:6,tempSensor_getTemperature
FNF:1
FNH:1
DA:7,6
DA:9,6
DA:11,6
LF:3
LH:3
end_of_record
