TN:
SF:/home/kurt/Documents/first_ceedling_project/kurts_first/src/CANData.c
FN:4,parseCANData
FNDA:2,parseCANData
FNF:1
FNH:1
DA:4,2
DA:6,2
DA:7,2
DA:8,2
DA:13,2
LF:5
LH:5
end_of_record
TN:
SF:/home/kurt/Documents/first_ceedling_project/kurts_first/src/lights.c
FN:3,lights_SetHeadlightSwitchOff
FN:7,lights_AreHeadlightsOn
FNDA:2,lights_AreHeadlightsOn
FNDA:2,lights_SetHeadlightSwitchOff
FNF:2
FNH:2
DA:3,2
DA:5,2
DA:7,2
DA:8,2
LF:4
LH:4
end_of_record
TN:
SF:/home/kurt/Documents/first_ceedling_project/kurts_first/src/motor_control.c
FN:19,readEncoder
FNDA:202,readEncoder
FNF:1
FNH:1
DA:19,202
DA:21,202
DA:22,202
LF:3
LH:3
end_of_record
TN:
SF:/home/kurt/Documents/first_ceedling_project/kurts_first/src/spi.c
FN:4,spi_readData
FN:12,checkBaudRate
FNDA:4,checkBaudRate
FNDA:0,spi_readData
FNF:2
FNH:1
DA:4,0
DA:5,0
DA:6,0
DA:7,0
DA:8,0
DA:12,4
DA:13,4
DA:14,2
DA:15,2
DA:18,2
LF:10
LH:5
end_of_record
TN:
SF:/home/kurt/Documents/first_ceedling_project/kurts_first/src/tempsensor.c
FN:7,tempSensor_getTemperature
FNDA:4,tempSensor_getTemperature
FNF:1
FNH:1
DA:7,4
DA:9,4
DA:11,4
LF:3
LH:3
end_of_record
