        -:    0:Source:build/test/mocks/mock_i2c.c
        -:    0:Graph:mock_i2c.gcno
        -:    0:Data:mock_i2c.gcda
        -:    0:Runs:3
        -:    0:Programs:1
        -:    1:/*EOF*/
        -:    2:/*EOF*/
        -:    3:/*EOF*/
        -:    4:/*EOF*/
        -:    5:/*EOF*/
        -:    6:/*EOF*/
        -:    7:/*EOF*/
        -:    8:/*EOF*/
        -:    9:/*EOF*/
        -:   10:/*EOF*/
        -:   11:/*EOF*/
        -:   12:/*EOF*/
        -:   13:/*EOF*/
        -:   14:/*EOF*/
        -:   15:/*EOF*/
        -:   16:/*EOF*/
        -:   17:/*EOF*/
        -:   18:/*EOF*/
        -:   19:/*EOF*/
        -:   20:/*EOF*/
        -:   21:/*EOF*/
        -:   22:/*EOF*/
        -:   23:/*EOF*/
        -:   24:/*EOF*/
        -:   25:/*EOF*/
        -:   26:/*EOF*/
        -:   27:/*EOF*/
        -:   28:/*EOF*/
        -:   29:/*EOF*/
        -:   30:/*EOF*/
        -:   31:/*EOF*/
        -:   32:/*EOF*/
        -:   33:/*EOF*/
        9:   34:/*EOF*/
        -:   35:/*EOF*/
        9:   36:/*EOF*/
        -:   37:/*EOF*/
        9:   38:/*EOF*/
        9:   39:/*EOF*/
    #####:   40:/*EOF*/
        9:   41:/*EOF*/
        -:   42:/*EOF*/
    #####:   43:/*EOF*/
    #####:   44:/*EOF*/
        -:   45:/*EOF*/
        9:   46:/*EOF*/
        -:   47:/*EOF*/
    #####:   48:/*EOF*/
        -:   49:/*EOF*/
        -:   50:/*EOF*/
        9:   51:/*EOF*/
        -:   52:/*EOF*/
        9:   53:/*EOF*/
        -:   54:/*EOF*/
        9:   55:/*EOF*/
        9:   56:/*EOF*/
        -:   57:/*EOF*/
       18:   58:/*EOF*/
        -:   59:/*EOF*/
       18:   60:/*EOF*/
       18:   61:/*EOF*/
       18:   62:/*EOF*/
       18:   63:/*EOF*/
       18:   64:/*EOF*/
        -:   65:/*EOF*/
        6:   66:/*EOF*/
        -:   67:/*EOF*/
        6:   68:/*EOF*/
        -:   69:/*EOF*/
        6:   70:/*EOF*/
        6:   71:/*EOF*/
        6:   72:/*EOF*/
        6:   73:/*EOF*/
        -:   74:/*EOF*/
    #####:   75:/*EOF*/
    #####:   76:/*EOF*/
    #####:   77:/*EOF*/
    #####:   78:/*EOF*/
    #####:   79:/*EOF*/
        -:   80:/*EOF*/
       12:   81:/*EOF*/
        6:   82:/*EOF*/
        -:   83:/*EOF*/
    #####:   84:/*EOF*/
    #####:   85:/*EOF*/
    #####:   86:/*EOF*/
        -:   87:/*EOF*/
        6:   88:/*EOF*/
        6:   89:/*EOF*/
        6:   90:/*EOF*/
    #####:   91:/*EOF*/
        6:   92:/*EOF*/
    #####:   93:/*EOF*/
        -:   94:/*EOF*/
        6:   95:/*EOF*/
        6:   96:/*EOF*/
        -:   97:/*EOF*/
        6:   98:/*EOF*/
        -:   99:/*EOF*/
    #####:  100:/*EOF*/
        -:  101:/*EOF*/
        6:  102:/*EOF*/
        6:  103:/*EOF*/
        -:  104:/*EOF*/
        -:  105:/*EOF*/
        6:  106:/*EOF*/
        -:  107:/*EOF*/
        6:  108:/*EOF*/
        6:  109:/*EOF*/
        -:  110:/*EOF*/
    #####:  111:/*EOF*/
        -:  112:/*EOF*/
    #####:  113:/*EOF*/
    #####:  114:/*EOF*/
    #####:  115:/*EOF*/
    #####:  116:/*EOF*/
    #####:  117:/*EOF*/
    #####:  118:/*EOF*/
    #####:  119:/*EOF*/
    #####:  120:/*EOF*/
    #####:  121:/*EOF*/
    #####:  122:/*EOF*/
        -:  123:/*EOF*/
    #####:  124:/*EOF*/
        -:  125:/*EOF*/
    #####:  126:/*EOF*/
    #####:  127:/*EOF*/
    #####:  128:/*EOF*/
    #####:  129:/*EOF*/
        -:  130:/*EOF*/
        6:  131:/*EOF*/
        -:  132:/*EOF*/
        6:  133:/*EOF*/
        6:  134:/*EOF*/
        6:  135:/*EOF*/
        6:  136:/*EOF*/
        6:  137:/*EOF*/
        6:  138:/*EOF*/
        6:  139:/*EOF*/
        6:  140:/*EOF*/
        6:  141:/*EOF*/
        6:  142:/*EOF*/
        6:  143:/*EOF*/
        -:  144:/*EOF*/
    #####:  145:/*EOF*/
        -:  146:/*EOF*/
    #####:  147:/*EOF*/
    #####:  148:/*EOF*/
    #####:  149:/*EOF*/
    #####:  150:/*EOF*/
        -:  151:/*EOF*/
    #####:  152:/*EOF*/
        -:  153:/*EOF*/
    #####:  154:/*EOF*/
    #####:  155:/*EOF*/
    #####:  156:/*EOF*/
    #####:  157:/*EOF*/
