        -:    0:Source:src/spi.c
        -:    0:Graph:spi.gcno
        -:    0:Data:spi.gcda
        -:    0:Runs:3
        -:    0:Programs:1
        -:    1:/*EOF*/
        -:    2:/*EOF*/
        -:    3:/*EOF*/
    #####:    4:/*EOF*/
    #####:    5:/*EOF*/
    #####:    6:/*EOF*/
    #####:    7:/*EOF*/
    #####:    8:/*EOF*/
        -:    9:/*EOF*/
        -:   10:/*EOF*/
        -:   11:/*EOF*/
        6:   12:/*EOF*/
        6:   13:/*EOF*/
        3:   14:/*EOF*/
        3:   15:/*EOF*/
        -:   16:/*EOF*/
        -:   17:/*EOF*/
        3:   18:/*EOF*/
