        -:    0:Source:test/test_lights.c
        -:    0:Graph:test_lights.gcno
        -:    0:Data:test_lights.gcda
        -:    0:Runs:3
        -:    0:Programs:1
        -:    1:/*EOF*/
        -:    2:/*EOF*/
        -:    3:/*EOF*/
        -:    4:/*EOF*/
        6:    5:/*EOF*/
        -:    6:/*EOF*/
        6:    7:/*EOF*/
        -:    8:/*EOF*/
        6:    9:/*EOF*/
        -:   10:/*EOF*/
        6:   11:/*EOF*/
        -:   12:/*EOF*/
        3:   13:/*EOF*/
        -:   14:/*EOF*/
        3:   15:/*EOF*/
    #####:   16:/*EOF*/
        -:   17:/*EOF*/
        3:   18:/*EOF*/
        -:   19:/*EOF*/
        -:   20:/*EOF*/
        3:   21:/*EOF*/
        -:   22:/*EOF*/
        3:   23:/*EOF*/
        3:   24:/*EOF*/
