        -:    0:Source:build/test/runners/test_tempsensor_runner.c
        -:    0:Graph:test_tempsensor_runner.gcno
        -:    0:Data:test_tempsensor_runner.gcda
        -:    0:Runs:3
        -:    0:Programs:1
        -:    1:/*EOF*/
        -:    2:/*EOF*/
        -:    3:/*EOF*/
        -:    4:/*EOF*/
        -:    5:/*EOF*/
        -:    6:/*EOF*/
        -:    7:/*EOF*/
        -:    8:/*EOF*/
        -:    9:/*EOF*/
        -:   10:/*EOF*/
        -:   11:/*EOF*/
        -:   12:/*EOF*/
        -:   13:/*EOF*/
        -:   14:/*EOF*/
        -:   15:/*EOF*/
        -:   16:/*EOF*/
        -:   17:/*EOF*/
        -:   18:/*EOF*/
        -:   19:/*EOF*/
        -:   20:/*EOF*/
        9:   21:/*EOF*/
        -:   22:/*EOF*/
        9:   23:/*EOF*/
        9:   24:/*EOF*/
        9:   25:/*EOF*/
        9:   26:/*EOF*/
        9:   27:/*EOF*/
        9:   28:/*EOF*/
        -:   29:/*EOF*/
        9:   30:/*EOF*/
        9:   31:/*EOF*/
        9:   32:/*EOF*/
        -:   33:/*EOF*/
        9:   34:/*EOF*/
        9:   35:/*EOF*/
        -:   36:/*EOF*/
        -:   37:/*EOF*/
        -:   38:/*EOF*/
    #####:   39:/*EOF*/
        -:   40:/*EOF*/
    #####:   41:/*EOF*/
    #####:   42:/*EOF*/
    #####:   43:/*EOF*/
    #####:   44:/*EOF*/
    #####:   45:/*EOF*/
    #####:   46:/*EOF*/
        -:   47:/*EOF*/
    #####:   48:/*EOF*/
        -:   49:/*EOF*/
    #####:   50:/*EOF*/
    #####:   51:/*EOF*/
        -:   52:/*EOF*/
        -:   53:/*EOF*/
        9:   54:/*EOF*/
        -:   55:/*EOF*/
        9:   56:/*EOF*/
        9:   57:/*EOF*/
        -:   58:/*EOF*/
        -:   59:/*EOF*/
        -:   60:/*EOF*/
        -:   61:/*EOF*/
        9:   62:/*EOF*/
        9:   63:/*EOF*/
        -:   64:/*EOF*/
        9:   65:/*EOF*/
       12:   66:/*EOF*/
        -:   67:/*EOF*/
        9:   68:/*EOF*/
        9:   69:/*EOF*/
        -:   70:/*EOF*/
        9:   71:/*EOF*/
        -:   72:/*EOF*/
        9:   73:/*EOF*/
        9:   74:/*EOF*/
        -:   75:/*EOF*/
        9:   76:/*EOF*/
        -:   77:/*EOF*/
        9:   78:/*EOF*/
        9:   79:/*EOF*/
        -:   80:/*EOF*/
        -:   81:/*EOF*/
        3:   82:/*EOF*/
        -:   83:/*EOF*/
        3:   84:/*EOF*/
        3:   85:/*EOF*/
        3:   86:/*EOF*/
        3:   87:/*EOF*/
        -:   88:/*EOF*/
        3:   89:/*EOF*/
        3:   90:/*EOF*/
