        -:    0:Source:test/test_tempsensor.c
        -:    0:Graph:test_tempsensor.gcno
        -:    0:Data:test_tempsensor.gcda
        -:    0:Runs:3
        -:    0:Programs:1
        -:    1:/*EOF*/
        -:    2:/*EOF*/
        -:    3:/*EOF*/
        9:    4:/*EOF*/
        -:    5:/*EOF*/
        9:    6:/*EOF*/
        -:    7:/*EOF*/
        9:    8:/*EOF*/
        -:    9:/*EOF*/
        9:   10:/*EOF*/
        -:   11:/*EOF*/
        3:   12:/*EOF*/
        -:   13:/*EOF*/
        3:   14:/*EOF*/
    #####:   15:/*EOF*/
        -:   16:/*EOF*/
        3:   17:/*EOF*/
        -:   18:/*EOF*/
        3:   19:/*EOF*/
        3:   20:/*EOF*/
        3:   21:/*EOF*/
        -:   22:/*EOF*/
        -:   23:/*EOF*/
        3:   24:/*EOF*/
        -:   25:/*EOF*/
        -:   26:/*EOF*/
        3:   27:/*EOF*/
        3:   28:/*EOF*/
        3:   29:/*EOF*/
        -:   30:/*EOF*/
        3:   31:/*EOF*/
        3:   32:/*EOF*/
        3:   33:/*EOF*/
        3:   34:/*EOF*/
        -:   35:/*EOF*/
        3:   36:/*EOF*/
        -:   37:/*EOF*/
        3:   38:/*EOF*/
        3:   39:/*EOF*/
        3:   40:/*EOF*/
