        -:    0:Source:build/test/runners/test_spi_runner.c
        -:    0:Graph:test_spi_runner.gcno
        -:    0:Data:test_spi_runner.gcda
        -:    0:Runs:3
        -:    0:Programs:1
        -:    1:/*EOF*/
        -:    2:/*EOF*/
        -:    3:/*EOF*/
        -:    4:/*EOF*/
        -:    5:/*EOF*/
        -:    6:/*EOF*/
        -:    7:/*EOF*/
        -:    8:/*EOF*/
        -:    9:/*EOF*/
        -:   10:/*EOF*/
        -:   11:/*EOF*/
        -:   12:/*EOF*/
        -:   13:/*EOF*/
        -:   14:/*EOF*/
        -:   15:/*EOF*/
        -:   16:/*EOF*/
        -:   17:/*EOF*/
        6:   18:/*EOF*/
        -:   19:/*EOF*/
        6:   20:/*EOF*/
        6:   21:/*EOF*/
        6:   22:/*EOF*/
        6:   23:/*EOF*/
        6:   24:/*EOF*/
        -:   25:/*EOF*/
        6:   26:/*EOF*/
        6:   27:/*EOF*/
        -:   28:/*EOF*/
        6:   29:/*EOF*/
        -:   30:/*EOF*/
        -:   31:/*EOF*/
        -:   32:/*EOF*/
    #####:   33:/*EOF*/
        -:   34:/*EOF*/
    #####:   35:/*EOF*/
    #####:   36:/*EOF*/
    #####:   37:/*EOF*/
    #####:   38:/*EOF*/
    #####:   39:/*EOF*/
    #####:   40:/*EOF*/
        -:   41:/*EOF*/
    #####:   42:/*EOF*/
        -:   43:/*EOF*/
    #####:   44:/*EOF*/
    #####:   45:/*EOF*/
        -:   46:/*EOF*/
        -:   47:/*EOF*/
        6:   48:/*EOF*/
        -:   49:/*EOF*/
        6:   50:/*EOF*/
        6:   51:/*EOF*/
        -:   52:/*EOF*/
        -:   53:/*EOF*/
        -:   54:/*EOF*/
        -:   55:/*EOF*/
        6:   56:/*EOF*/
        6:   57:/*EOF*/
        -:   58:/*EOF*/
        6:   59:/*EOF*/
        9:   60:/*EOF*/
        -:   61:/*EOF*/
        6:   62:/*EOF*/
        6:   63:/*EOF*/
        -:   64:/*EOF*/
        6:   65:/*EOF*/
        -:   66:/*EOF*/
        6:   67:/*EOF*/
        6:   68:/*EOF*/
        -:   69:/*EOF*/
        6:   70:/*EOF*/
        -:   71:/*EOF*/
        6:   72:/*EOF*/
        6:   73:/*EOF*/
        -:   74:/*EOF*/
        -:   75:/*EOF*/
        3:   76:/*EOF*/
        -:   77:/*EOF*/
        3:   78:/*EOF*/
        3:   79:/*EOF*/
        3:   80:/*EOF*/
        -:   81:/*EOF*/
        3:   82:/*EOF*/
