        -:    0:Source:build/test/runners/test_CANData_runner.c
        -:    0:Graph:test_CANData_runner.gcno
        -:    0:Data:test_CANData_runner.gcda
        -:    0:Runs:3
        -:    0:Programs:1
        -:    1:/*EOF*/
        -:    2:/*EOF*/
        -:    3:/*EOF*/
        -:    4:/*EOF*/
        -:    5:/*EOF*/
        -:    6:/*EOF*/
        -:    7:/*EOF*/
        -:    8:/*EOF*/
        -:    9:/*EOF*/
        -:   10:/*EOF*/
        -:   11:/*EOF*/
        -:   12:/*EOF*/
        -:   13:/*EOF*/
        -:   14:/*EOF*/
        -:   15:/*EOF*/
        -:   16:/*EOF*/
        -:   17:/*EOF*/
        -:   18:/*EOF*/
        -:   19:/*EOF*/
        6:   20:/*EOF*/
        -:   21:/*EOF*/
        6:   22:/*EOF*/
        6:   23:/*EOF*/
        6:   24:/*EOF*/
        6:   25:/*EOF*/
        6:   26:/*EOF*/
        6:   27:/*EOF*/
        -:   28:/*EOF*/
        6:   29:/*EOF*/
        6:   30:/*EOF*/
        6:   31:/*EOF*/
        -:   32:/*EOF*/
        6:   33:/*EOF*/
        6:   34:/*EOF*/
        -:   35:/*EOF*/
        -:   36:/*EOF*/
        -:   37:/*EOF*/
    #####:   38:/*EOF*/
        -:   39:/*EOF*/
    #####:   40:/*EOF*/
    #####:   41:/*EOF*/
    #####:   42:/*EOF*/
    #####:   43:/*EOF*/
    #####:   44:/*EOF*/
    #####:   45:/*EOF*/
        -:   46:/*EOF*/
    #####:   47:/*EOF*/
        -:   48:/*EOF*/
    #####:   49:/*EOF*/
    #####:   50:/*EOF*/
        -:   51:/*EOF*/
        -:   52:/*EOF*/
        6:   53:/*EOF*/
        -:   54:/*EOF*/
        6:   55:/*EOF*/
        6:   56:/*EOF*/
        -:   57:/*EOF*/
        -:   58:/*EOF*/
        -:   59:/*EOF*/
        -:   60:/*EOF*/
        6:   61:/*EOF*/
        6:   62:/*EOF*/
        -:   63:/*EOF*/
        6:   64:/*EOF*/
        9:   65:/*EOF*/
        -:   66:/*EOF*/
        6:   67:/*EOF*/
        6:   68:/*EOF*/
        -:   69:/*EOF*/
        6:   70:/*EOF*/
        -:   71:/*EOF*/
        6:   72:/*EOF*/
        6:   73:/*EOF*/
        -:   74:/*EOF*/
        6:   75:/*EOF*/
        -:   76:/*EOF*/
        6:   77:/*EOF*/
        6:   78:/*EOF*/
        -:   79:/*EOF*/
        -:   80:/*EOF*/
        3:   81:/*EOF*/
        -:   82:/*EOF*/
        3:   83:/*EOF*/
        3:   84:/*EOF*/
        3:   85:/*EOF*/
        -:   86:/*EOF*/
        3:   87:/*EOF*/
        3:   88:/*EOF*/
