        -:    0:Source:test/test_CANData.c
        -:    0:Graph:test_CANData.gcno
        -:    0:Data:test_CANData.gcda
        -:    0:Runs:3
        -:    0:Programs:1
        -:    1:/*EOF*/
        -:    2:/*EOF*/
        -:    3:/*EOF*/
        -:    4:/*EOF*/
        6:    5:/*EOF*/
        -:    6:/*EOF*/
        6:    7:/*EOF*/
        -:    8:/*EOF*/
        6:    9:/*EOF*/
        -:   10:/*EOF*/
        6:   11:/*EOF*/
        -:   12:/*EOF*/
        3:   13:/*EOF*/
        -:   14:/*EOF*/
        3:   15:/*EOF*/
    #####:   16:/*EOF*/
        -:   17:/*EOF*/
        3:   18:/*EOF*/
        3:   19:/*EOF*/
        3:   20:/*EOF*/
        -:   21:/*EOF*/
        -:   22:/*EOF*/
        3:   23:/*EOF*/
        3:   24:/*EOF*/
        3:   25:/*EOF*/
        3:   26:/*EOF*/
