<?xml version="1.0" encoding="utf-8" ?>
<testsuites tests="12" failures="0" skipped="5" time="0.084750">
  <testsuite name="test_CANData" tests="2" failures="0" skipped="1" time="0.005594">
    <testcase name="test_CANData_Parser" time="0.000000"/>
    <testcase name="test_CANData_NeedToImplement" time="0.000000">
      <skipped />
    </testcase>
  </testsuite>
  <testsuite name="test_lights" tests="3" failures="0" skipped="1" time="0.023300">
    <testcase name="test_WhenTheHeadlightSwitchIsOff_ThenTheHeadLightsAreOff" time="0.000000"/>
    <testcase name="test_setup" time="0.000000"/>
    <testcase name="test_lights_NeedToImplement" time="0.000000">
      <skipped />
    </testcase>
    <system-out>
Test is Added Kurt
    </system-out>
  </testsuite>
  <testsuite name="test_motor_control" tests="2" failures="0" skipped="1" time="0.017971">
    <testcase name="test_readEncoder" time="0.000000"/>
    <testcase name="test_motor_control_NeedToImplement" time="0.000000">
      <skipped />
    </testcase>
  </testsuite>
  <testsuite name="test_spi" tests="2" failures="0" skipped="1" time="0.007246">
    <testcase name="test_CheckBaudRate" time="0.000000"/>
    <testcase name="test_spi_NeedToImplement" time="0.000000">
      <skipped />
    </testcase>
    <system-out>
Baud Rate 100 is Incorrect!
    </system-out>
  </testsuite>
  <testsuite name="test_tempsensor" tests="3" failures="0" skipped="1" time="0.011844">
    <testcase name="test_whenTempRegisterReadsMaxValue_thenTheTempIsTheMaxValue" time="0.000000"/>
    <testcase name="test_whenTempRegisterReadsMinValue_thenTheTempIsTheMinValu" time="0.000000"/>
    <testcase name="test_tempsensor_NeedToImplement" time="0.000000">
      <skipped />
    </testcase>
  </testsuite>
</testsuites>
